<?xml version="1.0" encoding="UTF-8"?>
<!-- Generated by org.testng.reporters.JUnitReportReporter -->
<testsuite hostname="DESKTOP-NQQL6L4" failures="0" tests="1" name="com.selenium.webelement.RediffSignInTest" time="29.400" errors="0" timestamp="2023-09-11T15:43:42 IST" skipped="0">
  <testcase classname="com.selenium.webelement.RediffSignInTest" name="testRediffSignIn" time="29.400"/>
</testsuite> <!-- com.selenium.webelement.RediffSignInTest -->
