<?xml version="1.0" encoding="UTF-8"?>
<!-- Generated by org.testng.reporters.JUnitReportReporter -->
<testsuite hostname="DESKTOP-NQQL6L4" failures="0" tests="1" name="com.selenium.masterpart1.ExtractSpecificElementOnWebPage" time="15.781" errors="0" timestamp="2023-09-11T16:04:07 IST" skipped="0">
  <testcase classname="com.selenium.masterpart1.ExtractSpecificElementOnWebPage" name="openBrowser" time="15.781"/>
</testsuite> <!-- com.selenium.masterpart1.ExtractSpecificElementOnWebPage -->
